  [1m[35m (225.8ms)[0m  [1m[35mCREATE DATABASE "ninety_nine_cats_development" ENCODING = 'unicode'[0m
  [1m[35m (188.4ms)[0m  [1m[35mCREATE DATABASE "ninety_nine_cats_test" ENCODING = 'unicode'[0m
  [1m[35m (15.4ms)[0m  [1m[35mCREATE TABLE "schema_migrations" ("version" character varying NOT NULL PRIMARY KEY)[0m
  [1m[35m (14.3ms)[0m  [1m[35mCREATE TABLE "ar_internal_metadata" ("key" character varying NOT NULL PRIMARY KEY, "value" character varying, "created_at" timestamp(6) NOT NULL, "updated_at" timestamp(6) NOT NULL)[0m
  [1m[35m (0.2ms)[0m  [1m[34mSELECT pg_try_advisory_lock(723150122408807205)[0m
  [1m[36mActiveRecord::SchemaMigration Pluck (0.4ms)[0m  [1m[34mSELECT "schema_migrations"."version" FROM "schema_migrations" ORDER BY "schema_migrations"."version" ASC[0m
Migrating to CreateCats (20220826160453)
  [1m[36mTRANSACTION (0.2ms)[0m  [1m[35mBEGIN[0m
  [1m[35m (13.2ms)[0m  [1m[35mCREATE TABLE "cats" ("id" bigserial primary key, "birth_date" date NOT NULL, "color" character varying NOT NULL, "name" character varying NOT NULL, "sex" character varying(1) NOT NULL, "description" text, "created_at" timestamp(6) NOT NULL, "updated_at" timestamp(6) NOT NULL)[0m
  [1m[36mActiveRecord::SchemaMigration Create (0.6ms)[0m  [1m[32mINSERT INTO "schema_migrations" ("version") VALUES ($1) RETURNING "version"[0m  [["version", "20220826160453"]]
  [1m[36mTRANSACTION (2.0ms)[0m  [1m[35mCOMMIT[0m
  [1m[36mActiveRecord::InternalMetadata Load (0.5ms)[0m  [1m[34mSELECT "ar_internal_metadata".* FROM "ar_internal_metadata" WHERE "ar_internal_metadata"."key" = $1 LIMIT $2[0m  [["key", "environment"], ["LIMIT", 1]]
  [1m[36mTRANSACTION (0.1ms)[0m  [1m[35mBEGIN[0m
  [1m[36mActiveRecord::InternalMetadata Create (0.4ms)[0m  [1m[32mINSERT INTO "ar_internal_metadata" ("key", "value", "created_at", "updated_at") VALUES ($1, $2, $3, $4) RETURNING "key"[0m  [["key", "environment"], ["value", "development"], ["created_at", "2022-08-26 16:07:56.680350"], ["updated_at", "2022-08-26 16:07:56.680350"]]
  [1m[36mTRANSACTION (1.7ms)[0m  [1m[35mCOMMIT[0m
  [1m[35m (0.2ms)[0m  [1m[34mSELECT pg_advisory_unlock(723150122408807205)[0m
  [1m[36mActiveRecord::SchemaMigration Pluck (0.5ms)[0m  [1m[34mSELECT "schema_migrations"."version" FROM "schema_migrations" ORDER BY "schema_migrations"."version" ASC[0m
  [1m[36mActiveRecord::SchemaMigration Pluck (0.3ms)[0m  [1m[34mSELECT "schema_migrations"."version" FROM "schema_migrations" ORDER BY "schema_migrations"."version" ASC[0m
  [1m[35m (13.7ms)[0m  [1m[35mCREATE TABLE "schema_migrations" ("version" character varying NOT NULL PRIMARY KEY)[0m
  [1m[35m (2.3ms)[0m  [1m[35mCREATE TABLE "ar_internal_metadata" ("key" character varying NOT NULL PRIMARY KEY, "value" character varying, "created_at" timestamp(6) NOT NULL, "updated_at" timestamp(6) NOT NULL)[0m
  [1m[35m (0.4ms)[0m  [1m[34mSELECT pg_try_advisory_lock(723150122408807205)[0m
  [1m[36mActiveRecord::SchemaMigration Pluck (0.5ms)[0m  [1m[34mSELECT "schema_migrations"."version" FROM "schema_migrations" ORDER BY "schema_migrations"."version" ASC[0m
Migrating to CreateCats (20220826160453)
  [1m[36mTRANSACTION (0.0ms)[0m  [1m[35mBEGIN[0m
  [1m[35m (2.8ms)[0m  [1m[35mCREATE TABLE "cats" ("id" bigserial primary key, "birth_date" date NOT NULL, "color" character varying NOT NULL, "name" character varying NOT NULL, "sex" character varying(1) NOT NULL, "description" text, "created_at" timestamp(6) NOT NULL, "updated_at" timestamp(6) NOT NULL)[0m
  [1m[36mActiveRecord::SchemaMigration Create (0.3ms)[0m  [1m[32mINSERT INTO "schema_migrations" ("version") VALUES ($1) RETURNING "version"[0m  [["version", "20220826160453"]]
  [1m[36mTRANSACTION (0.1ms)[0m  [1m[35mCOMMIT[0m
  [1m[36mActiveRecord::InternalMetadata Load (0.2ms)[0m  [1m[34mSELECT "ar_internal_metadata".* FROM "ar_internal_metadata" WHERE "ar_internal_metadata"."key" = $1 LIMIT $2[0m  [["key", "environment"], ["LIMIT", 1]]
  [1m[36mTRANSACTION (0.1ms)[0m  [1m[35mBEGIN[0m
  [1m[36mActiveRecord::InternalMetadata Create (0.8ms)[0m  [1m[32mINSERT INTO "ar_internal_metadata" ("key", "value", "created_at", "updated_at") VALUES ($1, $2, $3, $4) RETURNING "key"[0m  [["key", "environment"], ["value", "development"], ["created_at", "2022-08-26 17:49:22.283451"], ["updated_at", "2022-08-26 17:49:22.283451"]]
  [1m[36mTRANSACTION (0.3ms)[0m  [1m[35mCOMMIT[0m
  [1m[35m (0.2ms)[0m  [1m[34mSELECT pg_advisory_unlock(723150122408807205)[0m
  [1m[36mActiveRecord::SchemaMigration Pluck (0.3ms)[0m  [1m[34mSELECT "schema_migrations"."version" FROM "schema_migrations" ORDER BY "schema_migrations"."version" ASC[0m
  [1m[36mCat Load (0.9ms)[0m  [1m[34mSELECT "cats".* FROM "cats"[0m
  [1m[36mTRANSACTION (0.2ms)[0m  [1m[35mBEGIN[0m
  [1m[36mCat Create (1.4ms)[0m  [1m[32mINSERT INTO "cats" ("birth_date", "color", "name", "sex", "description", "created_at", "updated_at") VALUES ($1, $2, $3, $4, $5, $6, $7) RETURNING "id"[0m  [["birth_date", "2022-08-22"], ["color", "brown"], ["name", "test"], ["sex", "m"], ["description", nil], ["created_at", "2022-08-26 17:52:56.058814"], ["updated_at", "2022-08-26 17:52:56.058814"]]
  [1m[36mTRANSACTION (0.7ms)[0m  [1m[35mCOMMIT[0m
  [1m[36mCat Load (0.5ms)[0m  [1m[34mSELECT "cats".* FROM "cats"[0m
  [1m[36mTRANSACTION (0.4ms)[0m  [1m[35mBEGIN[0m
  [1m[36mCat Create (0.7ms)[0m  [1m[32mINSERT INTO "cats" ("birth_date", "color", "name", "sex", "description", "created_at", "updated_at") VALUES ($1, $2, $3, $4, $5, $6, $7) RETURNING "id"[0m  [["birth_date", "2022-08-29"], ["color", "brown"], ["name", "test1"], ["sex", "m"], ["description", nil], ["created_at", "2022-08-26 17:54:09.954349"], ["updated_at", "2022-08-26 17:54:09.954349"]]
  [1m[36mTRANSACTION (0.2ms)[0m  [1m[35mCOMMIT[0m
  [1m[36mCat Load (0.4ms)[0m  [1m[34mSELECT "cats".* FROM "cats"[0m
  [1m[36mActiveRecord::SchemaMigration Pluck (0.4ms)[0m  [1m[34mSELECT "schema_migrations"."version" FROM "schema_migrations" ORDER BY "schema_migrations"."version" ASC[0m
  [1m[36mActiveRecord::InternalMetadata Pluck (0.3ms)[0m  [1m[34mSELECT "ar_internal_metadata"."value" FROM "ar_internal_metadata" WHERE "ar_internal_metadata"."key" = $1 LIMIT $2[0m  [["key", "environment"], ["LIMIT", 1]]
  [1m[36mActiveRecord::SchemaMigration Pluck (0.1ms)[0m  [1m[34mSELECT "schema_migrations"."version" FROM "schema_migrations" ORDER BY "schema_migrations"."version" ASC[0m
  [1m[36mActiveRecord::InternalMetadata Pluck (0.1ms)[0m  [1m[34mSELECT "ar_internal_metadata"."value" FROM "ar_internal_metadata" WHERE "ar_internal_metadata"."key" = $1 LIMIT $2[0m  [["key", "environment"], ["LIMIT", 1]]
  [1m[36mActiveRecord::SchemaMigration Pluck (0.1ms)[0m  [1m[34mSELECT "schema_migrations"."version" FROM "schema_migrations" ORDER BY "schema_migrations"."version" ASC[0m
  [1m[36mActiveRecord::InternalMetadata Pluck (0.1ms)[0m  [1m[34mSELECT "ar_internal_metadata"."value" FROM "ar_internal_metadata" WHERE "ar_internal_metadata"."key" = $1 LIMIT $2[0m  [["key", "environment"], ["LIMIT", 1]]
  [1m[35m (30.7ms)[0m  [1m[35mDROP DATABASE IF EXISTS "ninety_nine_cats_development"[0m
  [1m[35m (21.7ms)[0m  [1m[35mDROP DATABASE IF EXISTS "ninety_nine_cats_test"[0m
  [1m[35m (98.7ms)[0m  [1m[35mCREATE DATABASE "ninety_nine_cats_development" ENCODING = 'unicode'[0m
  [1m[35m (30.2ms)[0m  [1m[35mCREATE DATABASE "ninety_nine_cats_test" ENCODING = 'unicode'[0m
  [1m[35m (5.0ms)[0m  [1m[35mCREATE TABLE "schema_migrations" ("version" character varying NOT NULL PRIMARY KEY)[0m
  [1m[35m (2.3ms)[0m  [1m[35mCREATE TABLE "ar_internal_metadata" ("key" character varying NOT NULL PRIMARY KEY, "value" character varying, "created_at" timestamp(6) NOT NULL, "updated_at" timestamp(6) NOT NULL)[0m
  [1m[35m (0.2ms)[0m  [1m[34mSELECT pg_try_advisory_lock(723150122408807205)[0m
  [1m[36mActiveRecord::SchemaMigration Pluck (2.5ms)[0m  [1m[34mSELECT "schema_migrations"."version" FROM "schema_migrations" ORDER BY "schema_migrations"."version" ASC[0m
Migrating to CreateCats (20220826160453)
  [1m[36mTRANSACTION (0.2ms)[0m  [1m[35mBEGIN[0m
  [1m[35m (5.1ms)[0m  [1m[35mCREATE TABLE "cats" ("id" bigserial primary key, "birth_date" date NOT NULL, "color" character varying NOT NULL, "name" character varying NOT NULL, "sex" character varying(1) NOT NULL, "description" text, "created_at" timestamp(6) NOT NULL, "updated_at" timestamp(6) NOT NULL)[0m
  [1m[36mActiveRecord::SchemaMigration Create (1.2ms)[0m  [1m[32mINSERT INTO "schema_migrations" ("version") VALUES ($1) RETURNING "version"[0m  [["version", "20220826160453"]]
  [1m[36mTRANSACTION (0.5ms)[0m  [1m[35mCOMMIT[0m
  [1m[36mActiveRecord::InternalMetadata Load (0.4ms)[0m  [1m[34mSELECT "ar_internal_metadata".* FROM "ar_internal_metadata" WHERE "ar_internal_metadata"."key" = $1 LIMIT $2[0m  [["key", "environment"], ["LIMIT", 1]]
  [1m[36mTRANSACTION (0.8ms)[0m  [1m[35mBEGIN[0m
  [1m[36mActiveRecord::InternalMetadata Create (0.5ms)[0m  [1m[32mINSERT INTO "ar_internal_metadata" ("key", "value", "created_at", "updated_at") VALUES ($1, $2, $3, $4) RETURNING "key"[0m  [["key", "environment"], ["value", "development"], ["created_at", "2022-08-26 18:00:29.681404"], ["updated_at", "2022-08-26 18:00:29.681404"]]
  [1m[36mTRANSACTION (0.2ms)[0m  [1m[35mCOMMIT[0m
  [1m[35m (0.2ms)[0m  [1m[34mSELECT pg_advisory_unlock(723150122408807205)[0m
  [1m[36mActiveRecord::SchemaMigration Pluck (0.2ms)[0m  [1m[34mSELECT "schema_migrations"."version" FROM "schema_migrations" ORDER BY "schema_migrations"."version" ASC[0m
  [1m[36mActiveRecord::SchemaMigration Pluck (0.4ms)[0m  [1m[34mSELECT "schema_migrations"."version" FROM "schema_migrations" ORDER BY "schema_migrations"."version" ASC[0m
  [1m[36mCat Load (0.5ms)[0m  [1m[34mSELECT "cats".* FROM "cats"[0m
  [1m[36mTRANSACTION (0.1ms)[0m  [1m[35mBEGIN[0m
  [1m[36mCat Create (0.7ms)[0m  [1m[32mINSERT INTO "cats" ("birth_date", "color", "name", "sex", "description", "created_at", "updated_at") VALUES ($1, $2, $3, $4, $5, $6, $7) RETURNING "id"[0m  [["birth_date", "2022-08-10"], ["color", "black"], ["name", "Kitty"], ["sex", "m"], ["description", nil], ["created_at", "2022-08-26 18:01:10.797009"], ["updated_at", "2022-08-26 18:01:10.797009"]]
  [1m[36mTRANSACTION (0.3ms)[0m  [1m[35mCOMMIT[0m
  [1m[36mTRANSACTION (0.1ms)[0m  [1m[35mBEGIN[0m
  [1m[36mCat Create (0.1ms)[0m  [1m[32mINSERT INTO "cats" ("birth_date", "color", "name", "sex", "description", "created_at", "updated_at") VALUES ($1, $2, $3, $4, $5, $6, $7) RETURNING "id"[0m  [["birth_date", "2022-05-01"], ["color", "orange"], ["name", "Catty"], ["sex", "f"], ["description", nil], ["created_at", "2022-08-26 18:01:10.800687"], ["updated_at", "2022-08-26 18:01:10.800687"]]
  [1m[36mTRANSACTION (0.1ms)[0m  [1m[35mCOMMIT[0m
  [1m[36mTRANSACTION (0.1ms)[0m  [1m[35mBEGIN[0m
  [1m[36mCat Create (0.1ms)[0m  [1m[32mINSERT INTO "cats" ("birth_date", "color", "name", "sex", "description", "created_at", "updated_at") VALUES ($1, $2, $3, $4, $5, $6, $7) RETURNING "id"[0m  [["birth_date", "2021-10-10"], ["color", "brown"], ["name", "Wilson"], ["sex", "f"], ["description", nil], ["created_at", "2022-08-26 18:01:10.802479"], ["updated_at", "2022-08-26 18:01:10.802479"]]
  [1m[36mTRANSACTION (0.1ms)[0m  [1m[35mCOMMIT[0m
  [1m[36mTRANSACTION (0.0ms)[0m  [1m[35mBEGIN[0m
  [1m[36mCat Create (0.1ms)[0m  [1m[32mINSERT INTO "cats" ("birth_date", "color", "name", "sex", "description", "created_at", "updated_at") VALUES ($1, $2, $3, $4, $5, $6, $7) RETURNING "id"[0m  [["birth_date", "2020-01-25"], ["color", "white"], ["name", "Payton"], ["sex", "f"], ["description", nil], ["created_at", "2022-08-26 18:01:10.804179"], ["updated_at", "2022-08-26 18:01:10.804179"]]
  [1m[36mTRANSACTION (0.1ms)[0m  [1m[35mCOMMIT[0m
  [1m[36mTRANSACTION (0.0ms)[0m  [1m[35mBEGIN[0m
  [1m[36mCat Create (0.2ms)[0m  [1m[32mINSERT INTO "cats" ("birth_date", "color", "name", "sex", "description", "created_at", "updated_at") VALUES ($1, $2, $3, $4, $5, $6, $7) RETURNING "id"[0m  [["birth_date", "2018-03-15"], ["color", "mix"], ["name", "Stacy"], ["sex", "m"], ["description", nil], ["created_at", "2022-08-26 18:01:10.805957"], ["updated_at", "2022-08-26 18:01:10.805957"]]
  [1m[36mTRANSACTION (0.2ms)[0m  [1m[35mCOMMIT[0m
  [1m[36mCat Load (0.4ms)[0m  [1m[34mSELECT "cats".* FROM "cats"[0m
Started GET "/cats" for ::1 at 2022-08-26 14:07:05 -0400
  [1m[36mActiveRecord::SchemaMigration Pluck (0.5ms)[0m  [1m[34mSELECT "schema_migrations"."version" FROM "schema_migrations" ORDER BY "schema_migrations"."version" ASC[0m

Zeitwerk::NameError - expected file /Users/penghuidong/Desktop/appacademy/week6/w6d5/ninety_nine_cats/app/controllers/cats_controller.rb to define constant CatsController, but didn't
      raise Zeitwerk::NameError.new("expected file #{file} to define constant #{cpath}, but didn't", cref.last)
      ^^^^^:

Started POST "/__better_errors/5bcacc6add119bfa/variables" for ::1 at 2022-08-26 14:07:05 -0400
Started GET "/cats" for ::1 at 2022-08-26 14:09:09 -0400
Processing by CatsController#index as HTML
  [1m[36mCat Load (0.6ms)[0m  [1m[34mSELECT "cats".* FROM "cats"[0m
  ↳ app/controllers/cats_controller.rb:5:in `index'
Completed 200 OK in 38ms (Views: 32.3ms | ActiveRecord: 4.0ms | Allocations: 8010)


Started DELETE "/cats" for ::1 at 2022-08-26 14:09:20 -0400
  
ActionController::RoutingError (No route matches [DELETE] "/cats"):
  
Started GET "/cats" for ::1 at 2022-08-26 14:09:28 -0400
Processing by CatsController#index as */*
  [1m[36mCat Load (0.5ms)[0m  [1m[34mSELECT "cats".* FROM "cats"[0m
  ↳ app/controllers/cats_controller.rb:5:in `index'
Completed 200 OK in 7ms (Views: 5.8ms | ActiveRecord: 0.5ms | Allocations: 1497)


Started GET "/cats/1" for ::1 at 2022-08-26 14:10:18 -0400
Processing by CatsController#show as */*
  Parameters: {"id"=>"1"}
  [1m[36mCat Load (0.2ms)[0m  [1m[34mSELECT "cats".* FROM "cats" WHERE "cats"."id" = $1 LIMIT $2[0m  [["id", 1], ["LIMIT", 1]]
  ↳ app/controllers/cats_controller.rb:9:in `show'
Completed 200 OK in 12ms (Views: 0.3ms | ActiveRecord: 5.1ms | Allocations: 6706)


Started GET "/cats/6" for ::1 at 2022-08-26 14:10:21 -0400
Processing by CatsController#show as */*
  Parameters: {"id"=>"6"}
  [1m[36mCat Load (0.3ms)[0m  [1m[34mSELECT "cats".* FROM "cats" WHERE "cats"."id" = $1 LIMIT $2[0m  [["id", 6], ["LIMIT", 1]]
  ↳ app/controllers/cats_controller.rb:9:in `show'
Completed 404 Not Found in 3ms (ActiveRecord: 0.3ms | Allocations: 1094)



ActiveRecord::RecordNotFound - Couldn't find Cat with 'id'=6:
  app/controllers/cats_controller.rb:9:in `show'

  [1m[36mCat Load (0.2ms)[0m  [1m[34mSELECT "cats".* FROM "cats"[0m
  [1m[36mActiveRecord::SchemaMigration Pluck (0.3ms)[0m  [1m[34mSELECT "schema_migrations"."version" FROM "schema_migrations" ORDER BY "schema_migrations"."version" ASC[0m
  [1m[36mCat Load (0.1ms)[0m  [1m[34mSELECT "cats".* FROM "cats"[0m
  [1m[36mTRANSACTION (0.1ms)[0m  [1m[35mBEGIN[0m
  [1m[36mCat Create (0.4ms)[0m  [1m[32mINSERT INTO "cats" ("birth_date", "color", "name", "sex", "description", "created_at", "updated_at") VALUES ($1, $2, $3, $4, $5, $6, $7) RETURNING "id"[0m  [["birth_date", "2022-08-10"], ["color", "black"], ["name", "Kitty"], ["sex", "m"], ["description", nil], ["created_at", "2022-08-26 18:31:12.700297"], ["updated_at", "2022-08-26 18:31:12.700297"]]
  [1m[36mTRANSACTION (2.4ms)[0m  [1m[35mCOMMIT[0m
  [1m[36mTRANSACTION (0.1ms)[0m  [1m[35mBEGIN[0m
  [1m[36mCat Create (0.1ms)[0m  [1m[32mINSERT INTO "cats" ("birth_date", "color", "name", "sex", "description", "created_at", "updated_at") VALUES ($1, $2, $3, $4, $5, $6, $7) RETURNING "id"[0m  [["birth_date", "2022-05-01"], ["color", "orange"], ["name", "Catty"], ["sex", "f"], ["description", nil], ["created_at", "2022-08-26 18:31:12.705394"], ["updated_at", "2022-08-26 18:31:12.705394"]]
  [1m[36mTRANSACTION (1.5ms)[0m  [1m[35mCOMMIT[0m
  [1m[36mTRANSACTION (0.1ms)[0m  [1m[35mBEGIN[0m
  [1m[36mCat Create (0.1ms)[0m  [1m[32mINSERT INTO "cats" ("birth_date", "color", "name", "sex", "description", "created_at", "updated_at") VALUES ($1, $2, $3, $4, $5, $6, $7) RETURNING "id"[0m  [["birth_date", "2021-10-10"], ["color", "brown"], ["name", "Wilson"], ["sex", "f"], ["description", nil], ["created_at", "2022-08-26 18:31:12.708475"], ["updated_at", "2022-08-26 18:31:12.708475"]]
  [1m[36mTRANSACTION (1.4ms)[0m  [1m[35mCOMMIT[0m
  [1m[36mTRANSACTION (0.1ms)[0m  [1m[35mBEGIN[0m
  [1m[36mCat Create (0.2ms)[0m  [1m[32mINSERT INTO "cats" ("birth_date", "color", "name", "sex", "description", "created_at", "updated_at") VALUES ($1, $2, $3, $4, $5, $6, $7) RETURNING "id"[0m  [["birth_date", "2020-01-25"], ["color", "white"], ["name", "Payton"], ["sex", "f"], ["description", nil], ["created_at", "2022-08-26 18:31:12.711421"], ["updated_at", "2022-08-26 18:31:12.711421"]]
  [1m[36mTRANSACTION (1.6ms)[0m  [1m[35mCOMMIT[0m
  [1m[36mTRANSACTION (0.1ms)[0m  [1m[35mBEGIN[0m
  [1m[36mCat Create (0.2ms)[0m  [1m[32mINSERT INTO "cats" ("birth_date", "color", "name", "sex", "description", "created_at", "updated_at") VALUES ($1, $2, $3, $4, $5, $6, $7) RETURNING "id"[0m  [["birth_date", "2018-03-15"], ["color", "mix"], ["name", "Stacy"], ["sex", "m"], ["description", nil], ["created_at", "2022-08-26 18:31:12.714674"], ["updated_at", "2022-08-26 18:31:12.714674"]]
  [1m[36mTRANSACTION (1.3ms)[0m  [1m[35mCOMMIT[0m
  [1m[36mCat Load (0.3ms)[0m  [1m[34mSELECT "cats".* FROM "cats"[0m
Started GET "/cats" for ::1 at 2022-08-26 14:31:31 -0400
  [1m[36mActiveRecord::SchemaMigration Pluck (0.3ms)[0m  [1m[34mSELECT "schema_migrations"."version" FROM "schema_migrations" ORDER BY "schema_migrations"."version" ASC[0m
Processing by CatsController#index as HTML
Completed 500 Internal Server Error in 5ms (ActiveRecord: 0.0ms | Allocations: 4072)



ActionView::MissingTemplate - Missing template cats/index, application/index with {:locale=>[:en], :formats=>[:html], :variants=>[], :handlers=>[:raw, :erb, :html, :builder, :ruby]}.
Searched in:
  * "/home/biggie/app_academy/projects/w6d5/w6d5/ninety_nine_cats/app/views"
Did you mean?  layouts/cats/index
               layouts/application:
  app/controllers/cats_controller.rb:5:in `index'

Started POST "/__better_errors/c7c98051ef76ef34/variables" for ::1 at 2022-08-26 14:31:32 -0400
  [1m[36mCat Load (0.2ms)[0m  [1m[34mSELECT "cats".* FROM "cats" /* loading for inspect */ LIMIT $1[0m  [["LIMIT", 11]]
  ↳ (eval):72:in `block in render'
Started POST "/__better_errors/c7c98051ef76ef34/eval" for ::1 at 2022-08-26 14:31:54 -0400
Started POST "/__better_errors/c7c98051ef76ef34/eval" for ::1 at 2022-08-26 14:31:57 -0400
  [1m[36mCat Load (0.5ms)[0m  [1m[34mSELECT "cats".* FROM "cats" /* loading for inspect */ LIMIT $1[0m  [["LIMIT", 11]]
Started GET "/cats" for ::1 at 2022-08-26 14:38:06 -0400
  [1m[36mActiveRecord::SchemaMigration Pluck (0.4ms)[0m  [1m[34mSELECT "schema_migrations"."version" FROM "schema_migrations" ORDER BY "schema_migrations"."version" ASC[0m
Processing by CatsController#index as HTML
  Rendering layout layouts/application.html.erb
  Rendering cats/index.html.erb within layouts/application
  [1m[36mCat Load (0.4ms)[0m  [1m[34mSELECT "cats".* FROM "cats"[0m
  ↳ app/views/cats/index.html.erb:4
  Rendered cats/index.html.erb within layouts/application (Duration: 7.5ms | Allocations: 6654)
  Rendered layout layouts/application.html.erb (Duration: 15.4ms | Allocations: 13276)
Completed 200 OK in 21ms (Views: 18.4ms | ActiveRecord: 2.1ms | Allocations: 16667)


Started GET "/cats" for ::1 at 2022-08-26 14:52:02 -0400
  [1m[36mActiveRecord::SchemaMigration Pluck (0.3ms)[0m  [1m[34mSELECT "schema_migrations"."version" FROM "schema_migrations" ORDER BY "schema_migrations"."version" ASC[0m
Processing by CatsController#index as HTML
  Rendering layout layouts/application.html.erb
  Rendering cats/index.html.erb within layouts/application
  [1m[36mCat Load (0.4ms)[0m  [1m[34mSELECT "cats".* FROM "cats"[0m
  ↳ app/views/cats/index.html.erb:3
  Rendered cats/_cats.html.erb (Duration: 4.1ms | Allocations: 6060)
  Rendered cats/index.html.erb within layouts/application (Duration: 11.1ms | Allocations: 12671)
  Rendered layout layouts/application.html.erb (Duration: 11.2ms | Allocations: 12772)
Completed 500 Internal Server Error in 15ms (ActiveRecord: 2.0ms | Allocations: 16115)



NameError - undefined local variable or method `action' for #<ActionView::Base:0x00000000004510>
'.freeze; if action == :show 
             ^^^^^^
Did you mean?  action_name:
  app/views/cats/_cats.html.erb:2
  app/views/cats/index.html.erb:4
  app/views/cats/index.html.erb:3
  app/controllers/cats_controller.rb:5:in `index'

Started POST "/__better_errors/18dd00768434e958/variables" for ::1 at 2022-08-26 14:52:02 -0400
Started GET "/cats" for ::1 at 2022-08-26 14:52:35 -0400
Processing by CatsController#index as HTML
  Rendering layout layouts/application.html.erb
  Rendering cats/index.html.erb within layouts/application
  [1m[36mCat Load (0.4ms)[0m  [1m[34mSELECT "cats".* FROM "cats"[0m
  ↳ app/views/cats/index.html.erb:3
  Rendered cats/_cats.html.erb (Duration: 1.4ms | Allocations: 454)
  Rendered cats/_cats.html.erb (Duration: 0.1ms | Allocations: 59)
  Rendered cats/_cats.html.erb (Duration: 0.1ms | Allocations: 59)
  Rendered cats/_cats.html.erb (Duration: 0.1ms | Allocations: 59)
  Rendered cats/_cats.html.erb (Duration: 0.1ms | Allocations: 59)
  Rendered cats/index.html.erb within layouts/application (Duration: 4.9ms | Allocations: 1996)
  Rendered layout layouts/application.html.erb (Duration: 12.9ms | Allocations: 5517)
Completed 200 OK in 15ms (Views: 14.3ms | ActiveRecord: 0.4ms | Allocations: 6311)


Started GET "/cats/1" for ::1 at 2022-08-26 14:52:40 -0400
Processing by CatsController#show as HTML
  Parameters: {"id"=>"1"}
  [1m[36mCat Load (0.3ms)[0m  [1m[34mSELECT "cats".* FROM "cats" WHERE "cats"."id" = $1 LIMIT $2[0m  [["id", 1], ["LIMIT", 1]]
  ↳ app/controllers/cats_controller.rb:9:in `show'
Completed 200 OK in 8ms (Views: 0.6ms | ActiveRecord: 0.5ms | Allocations: 3762)


Started GET "/cats/2" for ::1 at 2022-08-26 14:52:44 -0400
Processing by CatsController#show as HTML
  Parameters: {"id"=>"2"}
  [1m[36mCat Load (0.4ms)[0m  [1m[34mSELECT "cats".* FROM "cats" WHERE "cats"."id" = $1 LIMIT $2[0m  [["id", 2], ["LIMIT", 1]]
  ↳ app/controllers/cats_controller.rb:9:in `show'
Completed 200 OK in 3ms (Views: 0.6ms | ActiveRecord: 0.4ms | Allocations: 710)


Started GET "/cats/2" for ::1 at 2022-08-26 14:54:09 -0400
Processing by CatsController#show as HTML
  Parameters: {"id"=>"2"}
  [1m[36mCat Load (0.2ms)[0m  [1m[34mSELECT "cats".* FROM "cats" WHERE "cats"."id" = $1 LIMIT $2[0m  [["id", 2], ["LIMIT", 1]]
  ↳ app/controllers/cats_controller.rb:9:in `show'
Completed 200 OK in 1ms (Views: 0.3ms | ActiveRecord: 0.2ms | Allocations: 688)


Started GET "/cats/3" for ::1 at 2022-08-26 14:54:13 -0400
Processing by CatsController#show as HTML
  Parameters: {"id"=>"3"}
  [1m[36mCat Load (0.2ms)[0m  [1m[34mSELECT "cats".* FROM "cats" WHERE "cats"."id" = $1 LIMIT $2[0m  [["id", 3], ["LIMIT", 1]]
  ↳ app/controllers/cats_controller.rb:9:in `show'
Completed 200 OK in 1ms (Views: 0.3ms | ActiveRecord: 0.2ms | Allocations: 703)


Started GET "/cats" for ::1 at 2022-08-26 14:55:12 -0400
Processing by CatsController#index as HTML
  Rendering layout layouts/application.html.erb
  Rendering cats/index.html.erb within layouts/application
  [1m[36mCat Load (0.1ms)[0m  [1m[34mSELECT "cats".* FROM "cats"[0m
  ↳ app/views/cats/index.html.erb:3
  Rendered cats/_cats.html.erb (Duration: 0.1ms | Allocations: 127)
  Rendered cats/_cats.html.erb (Duration: 0.1ms | Allocations: 59)
  Rendered cats/_cats.html.erb (Duration: 0.1ms | Allocations: 59)
  Rendered cats/_cats.html.erb (Duration: 0.1ms | Allocations: 59)
  Rendered cats/_cats.html.erb (Duration: 0.1ms | Allocations: 59)
  Rendered cats/index.html.erb within layouts/application (Duration: 5.1ms | Allocations: 3489)
  Rendered layout layouts/application.html.erb (Duration: 6.4ms | Allocations: 4888)
Completed 200 OK in 8ms (Views: 5.3ms | ActiveRecord: 1.7ms | Allocations: 6239)


Started GET "/cats/1" for ::1 at 2022-08-26 14:55:13 -0400
Processing by CatsController#show as HTML
  Parameters: {"id"=>"1"}
  [1m[36mCat Load (0.4ms)[0m  [1m[34mSELECT "cats".* FROM "cats" WHERE "cats"."id" = $1 LIMIT $2[0m  [["id", 1], ["LIMIT", 1]]
  ↳ app/controllers/cats_controller.rb:9:in `show'
  Rendering layout layouts/application.html.erb
  Rendering cats/show.html.erb within layouts/application
  Rendered cats/_cats.html.erb (Duration: 0.4ms | Allocations: 68)
  Rendered cats/show.html.erb within layouts/application (Duration: 1.5ms | Allocations: 288)
  Rendered layout layouts/application.html.erb (Duration: 4.0ms | Allocations: 1420)
Completed 200 OK in 9ms (Views: 4.9ms | ActiveRecord: 0.4ms | Allocations: 3155)


Started GET "/cats" for ::1 at 2022-08-26 14:55:16 -0400
Processing by CatsController#index as HTML
  Rendering layout layouts/application.html.erb
  Rendering cats/index.html.erb within layouts/application
  [1m[36mCat Load (0.3ms)[0m  [1m[34mSELECT "cats".* FROM "cats"[0m
  ↳ app/views/cats/index.html.erb:3
  Rendered cats/_cats.html.erb (Duration: 0.2ms | Allocations: 69)
  Rendered cats/_cats.html.erb (Duration: 0.1ms | Allocations: 59)
  Rendered cats/_cats.html.erb (Duration: 0.1ms | Allocations: 59)
  Rendered cats/_cats.html.erb (Duration: 0.1ms | Allocations: 59)
  Rendered cats/_cats.html.erb (Duration: 0.1ms | Allocations: 59)
  Rendered cats/index.html.erb within layouts/application (Duration: 2.7ms | Allocations: 1260)
  Rendered layout layouts/application.html.erb (Duration: 4.2ms | Allocations: 2400)
Completed 200 OK in 5ms (Views: 4.4ms | ActiveRecord: 0.3ms | Allocations: 2611)


Started GET "/cats/3" for ::1 at 2022-08-26 14:55:17 -0400
Processing by CatsController#show as HTML
  Parameters: {"id"=>"3"}
  [1m[36mCat Load (0.3ms)[0m  [1m[34mSELECT "cats".* FROM "cats" WHERE "cats"."id" = $1 LIMIT $2[0m  [["id", 3], ["LIMIT", 1]]
  ↳ app/controllers/cats_controller.rb:9:in `show'
  Rendering layout layouts/application.html.erb
  Rendering cats/show.html.erb within layouts/application
  Rendered cats/_cats.html.erb (Duration: 0.2ms | Allocations: 66)
  Rendered cats/show.html.erb within layouts/application (Duration: 0.4ms | Allocations: 147)
  Rendered layout layouts/application.html.erb (Duration: 2.6ms | Allocations: 1299)
Completed 200 OK in 5ms (Views: 3.0ms | ActiveRecord: 0.3ms | Allocations: 2009)


Started GET "/cats" for ::1 at 2022-08-26 14:55:18 -0400
Processing by CatsController#index as HTML
  Rendering layout layouts/application.html.erb
  Rendering cats/index.html.erb within layouts/application
  [1m[36mCat Load (0.4ms)[0m  [1m[34mSELECT "cats".* FROM "cats"[0m
  ↳ app/views/cats/index.html.erb:3
  Rendered cats/_cats.html.erb (Duration: 0.4ms | Allocations: 69)
  Rendered cats/_cats.html.erb (Duration: 0.3ms | Allocations: 59)
  Rendered cats/_cats.html.erb (Duration: 0.1ms | Allocations: 59)
  Rendered cats/_cats.html.erb (Duration: 0.2ms | Allocations: 59)
  Rendered cats/_cats.html.erb (Duration: 0.1ms | Allocations: 59)
  Rendered cats/index.html.erb within layouts/application (Duration: 4.6ms | Allocations: 1260)
  Rendered layout layouts/application.html.erb (Duration: 6.9ms | Allocations: 2409)
Completed 200 OK in 8ms (Views: 7.1ms | ActiveRecord: 0.4ms | Allocations: 2619)


Started GET "/cats" for ::1 at 2022-08-26 16:03:48 -0400
  [1m[36mActiveRecord::SchemaMigration Pluck (0.5ms)[0m  [1m[34mSELECT "schema_migrations"."version" FROM "schema_migrations" ORDER BY "schema_migrations"."version" ASC[0m
Processing by CatsController#index as HTML
  Rendering layout layouts/application.html.erb
  Rendering cats/index.html.erb within layouts/application
  [1m[36mCat Load (0.6ms)[0m  [1m[34mSELECT "cats".* FROM "cats"[0m
  ↳ app/views/cats/index.html.erb:3
  Rendered cats/_cats.html.erb (Duration: 1.0ms | Allocations: 515)
  Rendered cats/_cats.html.erb (Duration: 0.0ms | Allocations: 59)
  Rendered cats/_cats.html.erb (Duration: 0.0ms | Allocations: 59)
  Rendered cats/_cats.html.erb (Duration: 0.0ms | Allocations: 59)
  Rendered cats/_cats.html.erb (Duration: 0.0ms | Allocations: 59)
  Rendered cats/index.html.erb within layouts/application (Duration: 10.7ms | Allocations: 7594)
  Rendered layout layouts/application.html.erb (Duration: 19.6ms | Allocations: 14505)
Completed 200 OK in 25ms (Views: 19.7ms | ActiveRecord: 3.9ms | Allocations: 17896)


Started GET "/cats/new" for ::1 at 2022-08-26 16:04:44 -0400
Processing by CatsController#new as HTML
  Rendering layout layouts/application.html.erb
  Rendering cats/new.html.erb within layouts/application
  Rendered cats/new.html.erb within layouts/application (Duration: 9.6ms | Allocations: 5723)
  Rendered layout layouts/application.html.erb (Duration: 9.9ms | Allocations: 5830)
Completed 500 Internal Server Error in 13ms (ActiveRecord: 0.0ms | Allocations: 6628)



NameError - undefined local variable or method `cat' for #<ActionView::Base:0x00000000004790>
'.freeze;@output_buffer.append=( render 'cats', cat: cat, action: :new );
                                                     ^^^
Did you mean?  @cat:
  app/views/cats/new.html.erb:3
  app/controllers/cats_controller.rb:40:in `new'

Started POST "/__better_errors/0f98990b6c9825c3/variables" for ::1 at 2022-08-26 16:04:44 -0400
Started GET "/cats/new" for ::1 at 2022-08-26 16:07:29 -0400
Processing by CatsController#new as HTML
  Rendering layout layouts/application.html.erb
  Rendering cats/new.html.erb within layouts/application
  Rendered cats/_cats.html.erb (Duration: 1.3ms | Allocations: 2020)
  Rendered cats/new.html.erb within layouts/application (Duration: 1.8ms | Allocations: 2322)
  Rendered layout layouts/application.html.erb (Duration: 2.0ms | Allocations: 2417)
Completed 500 Internal Server Error in 3ms (ActiveRecord: 0.0ms | Allocations: 3172)



ActionController::UrlGenerationError - No route matches {:action=>"show", :controller=>"cats", :id=>nil}, missing required keys: [:id]:
  app/views/cats/_cats.html.erb:5
  app/views/cats/new.html.erb:3
  app/controllers/cats_controller.rb:40:in `new'

Started POST "/__better_errors/660b6cf68f397d9b/variables" for ::1 at 2022-08-26 16:07:29 -0400
Started GET "/cats" for ::1 at 2022-08-26 16:08:08 -0400
Processing by CatsController#index as HTML
  Rendering layout layouts/application.html.erb
  Rendering cats/index.html.erb within layouts/application
  [1m[36mCat Load (0.6ms)[0m  [1m[34mSELECT "cats".* FROM "cats"[0m
  ↳ app/views/cats/index.html.erb:3
  Rendered cats/_cats.html.erb (Duration: 0.2ms | Allocations: 95)
  Rendered cats/_cats.html.erb (Duration: 0.0ms | Allocations: 59)
  Rendered cats/_cats.html.erb (Duration: 0.0ms | Allocations: 59)
  Rendered cats/_cats.html.erb (Duration: 0.0ms | Allocations: 59)
  Rendered cats/_cats.html.erb (Duration: 0.0ms | Allocations: 59)
  Rendered cats/index.html.erb within layouts/application (Duration: 12.7ms | Allocations: 1535)
  Rendered layout layouts/application.html.erb (Duration: 15.1ms | Allocations: 3105)
Completed 200 OK in 16ms (Views: 15.3ms | ActiveRecord: 0.6ms | Allocations: 3449)


Started GET "/cats/new" for ::1 at 2022-08-26 16:08:11 -0400
Processing by CatsController#new as HTML
  Rendering layout layouts/application.html.erb
  Rendering cats/new.html.erb within layouts/application
  Rendered cats/_cats.html.erb (Duration: 1.2ms | Allocations: 1702)
  Rendered cats/new.html.erb within layouts/application (Duration: 1.4ms | Allocations: 1786)
  Rendered layout layouts/application.html.erb (Duration: 1.6ms | Allocations: 1874)
Completed 500 Internal Server Error in 2ms (ActiveRecord: 0.0ms | Allocations: 2084)



ActionController::UrlGenerationError - No route matches {:action=>"show", :controller=>"cats", :id=>nil}, missing required keys: [:id]:
  app/views/cats/_cats.html.erb:5
  app/views/cats/new.html.erb:3
  app/controllers/cats_controller.rb:40:in `new'

Started POST "/__better_errors/73ed261c9934b42a/variables" for ::1 at 2022-08-26 16:08:11 -0400
Started GET "/cats" for ::1 at 2022-08-26 16:08:19 -0400
Processing by CatsController#index as HTML
  Rendering layout layouts/application.html.erb
  Rendering cats/index.html.erb within layouts/application
  [1m[36mCat Load (0.4ms)[0m  [1m[34mSELECT "cats".* FROM "cats"[0m
  ↳ app/views/cats/index.html.erb:3
  Rendered cats/_cats.html.erb (Duration: 0.1ms | Allocations: 92)
  Rendered cats/_cats.html.erb (Duration: 0.0ms | Allocations: 59)
  Rendered cats/_cats.html.erb (Duration: 0.0ms | Allocations: 59)
  Rendered cats/_cats.html.erb (Duration: 0.0ms | Allocations: 59)
  Rendered cats/_cats.html.erb (Duration: 0.0ms | Allocations: 59)
  Rendered cats/index.html.erb within layouts/application (Duration: 7.8ms | Allocations: 1368)
  Rendered layout layouts/application.html.erb (Duration: 9.1ms | Allocations: 2661)
Completed 200 OK in 10ms (Views: 9.1ms | ActiveRecord: 0.4ms | Allocations: 2939)


Started GET "/cats/1" for ::1 at 2022-08-26 16:08:20 -0400
Processing by CatsController#show as HTML
  Parameters: {"id"=>"1"}
  [1m[36mCat Load (0.3ms)[0m  [1m[34mSELECT "cats".* FROM "cats" WHERE "cats"."id" = $1 LIMIT $2[0m  [["id", 1], ["LIMIT", 1]]
  ↳ app/controllers/cats_controller.rb:9:in `show'
  Rendering layout layouts/application.html.erb
  Rendering cats/show.html.erb within layouts/application
  Rendered cats/_cats.html.erb (Duration: 0.4ms | Allocations: 90)
  Rendered cats/show.html.erb within layouts/application (Duration: 0.8ms | Allocations: 328)
  Rendered layout layouts/application.html.erb (Duration: 1.7ms | Allocations: 1615)
Completed 200 OK in 12ms (Views: 2.1ms | ActiveRecord: 0.5ms | Allocations: 5419)


Started GET "/cats/2" for ::1 at 2022-08-26 16:08:25 -0400
Processing by CatsController#show as HTML
  Parameters: {"id"=>"2"}
  [1m[36mCat Load (0.3ms)[0m  [1m[34mSELECT "cats".* FROM "cats" WHERE "cats"."id" = $1 LIMIT $2[0m  [["id", 2], ["LIMIT", 1]]
  ↳ app/controllers/cats_controller.rb:9:in `show'
  Rendering layout layouts/application.html.erb
  Rendering cats/show.html.erb within layouts/application
  Rendered cats/_cats.html.erb (Duration: 0.2ms | Allocations: 66)
  Rendered cats/show.html.erb within layouts/application (Duration: 0.4ms | Allocations: 147)
  Rendered layout layouts/application.html.erb (Duration: 2.6ms | Allocations: 1274)
Completed 200 OK in 5ms (Views: 3.2ms | ActiveRecord: 0.3ms | Allocations: 1988)


Started GET "/cats/new" for ::1 at 2022-08-26 16:08:34 -0400
Processing by CatsController#new as HTML
  Rendering layout layouts/application.html.erb
  Rendering cats/new.html.erb within layouts/application
  Rendered cats/_cats.html.erb (Duration: 1.6ms | Allocations: 1704)
  Rendered cats/new.html.erb within layouts/application (Duration: 1.9ms | Allocations: 1788)
  Rendered layout layouts/application.html.erb (Duration: 2.0ms | Allocations: 1877)
Completed 500 Internal Server Error in 3ms (ActiveRecord: 0.0ms | Allocations: 2095)



ActionController::UrlGenerationError - No route matches {:action=>"show", :controller=>"cats", :id=>nil}, missing required keys: [:id]:
  app/views/cats/_cats.html.erb:5
  app/views/cats/new.html.erb:3
  app/controllers/cats_controller.rb:40:in `new'

Started POST "/__better_errors/e4819a320e0d8080/variables" for ::1 at 2022-08-26 16:08:34 -0400
Started GET "/cats/new" for ::1 at 2022-08-26 16:09:10 -0400
Processing by CatsController#new as HTML
  Rendering layout layouts/application.html.erb
  Rendering cats/new.html.erb within layouts/application
  Rendered cats/new.html.erb within layouts/application (Duration: 1.2ms | Allocations: 166)
  Rendered layout layouts/application.html.erb (Duration: 6.6ms | Allocations: 1714)
Completed 200 OK in 10ms (Views: 9.3ms | ActiveRecord: 0.0ms | Allocations: 2473)


Started GET "/cats/new" for ::1 at 2022-08-26 16:10:30 -0400
Processing by CatsController#new as HTML
  Rendering layout layouts/application.html.erb
  Rendering cats/new.html.erb within layouts/application
  Rendered cats/_cats.html.erb (Duration: 1.6ms | Allocations: 1982)
  Rendered cats/new.html.erb within layouts/application (Duration: 5.2ms | Allocations: 2278)
  Rendered layout layouts/application.html.erb (Duration: 5.3ms | Allocations: 2372)
Completed 500 Internal Server Error in 13ms (ActiveRecord: 0.0ms | Allocations: 3107)



ActionController::UrlGenerationError - No route matches {:action=>"show", :controller=>"cats", :id=>nil}, missing required keys: [:id]:
  app/views/cats/_cats.html.erb:5
  app/views/cats/new.html.erb:3
  app/controllers/cats_controller.rb:40:in `new'

Started POST "/__better_errors/b230abe22fce6c12/variables" for ::1 at 2022-08-26 16:10:30 -0400
Started GET "/cats/new" for ::1 at 2022-08-26 16:10:36 -0400
Processing by CatsController#new as HTML
  Rendering layout layouts/application.html.erb
  Rendering cats/new.html.erb within layouts/application
  Rendered cats/_cats.html.erb (Duration: 2.4ms | Allocations: 1982)
  Rendered cats/new.html.erb within layouts/application (Duration: 5.3ms | Allocations: 2278)
  Rendered layout layouts/application.html.erb (Duration: 5.4ms | Allocations: 2372)
Completed 500 Internal Server Error in 8ms (ActiveRecord: 0.0ms | Allocations: 3112)



ActionController::UrlGenerationError - No route matches {:action=>"show", :controller=>"cats", :id=>nil}, missing required keys: [:id]:
  app/views/cats/_cats.html.erb:5
  app/views/cats/new.html.erb:3
  app/controllers/cats_controller.rb:40:in `new'

Started POST "/__better_errors/723a8c1158687ad4/variables" for ::1 at 2022-08-26 16:10:36 -0400
Started POST "/__better_errors/723a8c1158687ad4/variables" for ::1 at 2022-08-26 16:14:30 -0400
Started POST "/__better_errors/723a8c1158687ad4/variables" for ::1 at 2022-08-26 16:14:31 -0400
Started POST "/__better_errors/723a8c1158687ad4/eval" for ::1 at 2022-08-26 16:15:06 -0400
Started POST "/__better_errors/723a8c1158687ad4/eval" for ::1 at 2022-08-26 16:15:12 -0400
Started POST "/__better_errors/723a8c1158687ad4/eval" for ::1 at 2022-08-26 16:15:18 -0400
Started GET "/cats/new" for ::1 at 2022-08-26 16:15:45 -0400
Processing by CatsController#new as HTML
  Rendering layout layouts/application.html.erb
  Rendering cats/new.html.erb within layouts/application
  Rendered cats/_forms.html.erb (Duration: 8.7ms | Allocations: 5227)
  Rendered cats/new.html.erb within layouts/application (Duration: 9.8ms | Allocations: 5530)
  Rendered layout layouts/application.html.erb (Duration: 10.0ms | Allocations: 5624)
Completed 500 Internal Server Error in 12ms (Allocations: 6356)



NameError - undefined local variable or method `type' for #<ActionView::Base:0x000000000050f0>
'.freeze; if type == :new 
             ^^^^:
  app/views/cats/_forms.html.erb:2
  app/views/cats/new.html.erb:3
  app/controllers/cats_controller.rb:40:in `new'

Started POST "/__better_errors/c0c07a3718728383/variables" for ::1 at 2022-08-26 16:15:45 -0400
Started POST "/__better_errors/c0c07a3718728383/variables" for ::1 at 2022-08-26 16:15:54 -0400
Started POST "/__better_errors/c0c07a3718728383/variables" for ::1 at 2022-08-26 16:15:54 -0400
Started GET "/cats/new" for ::1 at 2022-08-26 16:16:36 -0400
Processing by CatsController#new as HTML
  Rendering layout layouts/application.html.erb
  Rendering cats/new.html.erb within layouts/application
  Rendered cats/_forms.html.erb (Duration: 9153.6ms | Allocations: 137621)
  Rendered cats/new.html.erb within layouts/application (Duration: 9155.6ms | Allocations: 137918)
  Rendered layout layouts/application.html.erb (Duration: 9156.5ms | Allocations: 138012)
Completed 500 Internal Server Error in 9159ms (Allocations: 138745)



NoMethodError - undefined method `button' for #<ActionView::Base:0x00000000007d00>
   button text = "create user" 
   ^^^^^^
Did you mean?  button_to:
  app/views/cats/_forms.html.erb:5
  app/views/cats/new.html.erb:3
  app/controllers/cats_controller.rb:40:in `new'

Started POST "/__better_errors/5dfbc61ace9f2aaf/variables" for ::1 at 2022-08-26 16:16:45 -0400
Started GET "/cats/new" for ::1 at 2022-08-26 16:17:21 -0400
Processing by CatsController#new as HTML
  Rendering layout layouts/application.html.erb
  Rendering cats/new.html.erb within layouts/application
  Rendered cats/_forms.html.erb (Duration: 2771.4ms | Allocations: 105332)
  Rendered cats/new.html.erb within layouts/application (Duration: 2772.2ms | Allocations: 105633)
  Rendered layout layouts/application.html.erb (Duration: 2772.3ms | Allocations: 105727)
Completed 500 Internal Server Error in 2777ms (Allocations: 106458)



NameError - undefined local variable or method `type' for #<ActionView::Base:0x0000000000a8c0>
'.freeze; if type == :edit 
             ^^^^:
  app/views/cats/_forms.html.erb:12
  app/views/cats/new.html.erb:3
  app/controllers/cats_controller.rb:40:in `new'

Started POST "/__better_errors/e35e6b2a7fea13b0/variables" for ::1 at 2022-08-26 16:17:24 -0400
Started GET "/cats/new" for ::1 at 2022-08-26 16:17:58 -0400
Processing by CatsController#new as HTML
  Rendering layout layouts/application.html.erb
  Rendering cats/new.html.erb within layouts/application
  Rendered cats/_forms.html.erb (Duration: 0.8ms | Allocations: 373)
  Rendered cats/new.html.erb within layouts/application (Duration: 1.8ms | Allocations: 669)
  Rendered layout layouts/application.html.erb (Duration: 6.3ms | Allocations: 2214)
Completed 200 OK in 15ms (Views: 14.6ms | Allocations: 2965)


Started GET "/cats/new" for ::1 at 2022-08-26 16:18:27 -0400
Processing by CatsController#new as HTML
  Rendering layout layouts/application.html.erb
  Rendering cats/new.html.erb within layouts/application
  Rendered cats/_forms.html.erb (Duration: 0.8ms | Allocations: 374)
  Rendered cats/new.html.erb within layouts/application (Duration: 1.8ms | Allocations: 667)
  Rendered layout layouts/application.html.erb (Duration: 7.5ms | Allocations: 2217)
Completed 200 OK in 10ms (Views: 9.5ms | Allocations: 2963)


Started GET "/cats/new" for ::1 at 2022-08-26 16:19:11 -0400
Processing by CatsController#new as HTML
  Rendering layout layouts/application.html.erb
  Rendering cats/new.html.erb within layouts/application
  Rendered cats/_forms.html.erb (Duration: 0.6ms | Allocations: 380)
  Rendered cats/new.html.erb within layouts/application (Duration: 7.3ms | Allocations: 678)
  Rendered layout layouts/application.html.erb (Duration: 9.4ms | Allocations: 2218)
Completed 200 OK in 18ms (Views: 17.5ms | Allocations: 2974)


Started GET "/cats/new" for ::1 at 2022-08-26 16:19:29 -0400
Processing by CatsController#new as HTML
  Rendering layout layouts/application.html.erb
  Rendering cats/new.html.erb within layouts/application
  Rendered cats/_forms.html.erb (Duration: 1.0ms | Allocations: 376)
  Rendered cats/new.html.erb within layouts/application (Duration: 2.2ms | Allocations: 669)
  Rendered layout layouts/application.html.erb (Duration: 7.4ms | Allocations: 2210)
Completed 200 OK in 10ms (Views: 10.0ms | Allocations: 2956)


Started GET "/cats/new" for ::1 at 2022-08-26 16:19:58 -0400
Processing by CatsController#new as HTML
  Rendering layout layouts/application.html.erb
  Rendering cats/new.html.erb within layouts/application
  Rendered cats/_forms.html.erb (Duration: 0.7ms | Allocations: 378)
  Rendered cats/new.html.erb within layouts/application (Duration: 2.1ms | Allocations: 671)
  Rendered layout layouts/application.html.erb (Duration: 6.7ms | Allocations: 2224)
Completed 200 OK in 14ms (Views: 13.6ms | Allocations: 2971)


Started GET "/cats/new" for ::1 at 2022-08-26 16:20:38 -0400
Processing by CatsController#new as HTML
  Rendering layout layouts/application.html.erb
  Rendering cats/new.html.erb within layouts/application
  Rendered cats/_forms.html.erb (Duration: 0.9ms | Allocations: 384)
  Rendered cats/new.html.erb within layouts/application (Duration: 2.0ms | Allocations: 677)
  Rendered layout layouts/application.html.erb (Duration: 3.8ms | Allocations: 2243)
Completed 200 OK in 7ms (Views: 7.1ms | Allocations: 2989)


Started GET "/cats/new" for ::1 at 2022-08-26 16:22:40 -0400
Processing by CatsController#new as HTML
  Rendering layout layouts/application.html.erb
  Rendering cats/new.html.erb within layouts/application
  Rendered cats/_forms.html.erb (Duration: 0.1ms | Allocations: 95)
  Rendered cats/new.html.erb within layouts/application (Duration: 0.2ms | Allocations: 187)
  Rendered layout layouts/application.html.erb (Duration: 1.4ms | Allocations: 1586)
Completed 200 OK in 16ms (Views: 2.0ms | ActiveRecord: 5.6ms | Allocations: 7684)


Started POST "/cats/new" for ::1 at 2022-08-26 16:23:00 -0400
  
ActionController::RoutingError (No route matches [POST] "/cats/new"):
  
Started POST "/cats/new" for ::1 at 2022-08-26 16:26:14 -0400
  
ActionController::RoutingError (No route matches [POST] "/cats/new"):
  
Started GET "/cats/" for ::1 at 2022-08-26 16:26:18 -0400
Processing by CatsController#index as HTML
  Rendering layout layouts/application.html.erb
  Rendering cats/index.html.erb within layouts/application
  [1m[36mCat Load (1.0ms)[0m  [1m[34mSELECT "cats".* FROM "cats"[0m
  ↳ app/views/cats/index.html.erb:3
  Rendered cats/_cats.html.erb (Duration: 1.1ms | Allocations: 369)
  Rendered cats/_cats.html.erb (Duration: 0.1ms | Allocations: 59)
  Rendered cats/_cats.html.erb (Duration: 0.1ms | Allocations: 59)
  Rendered cats/_cats.html.erb (Duration: 0.1ms | Allocations: 59)
  Rendered cats/_cats.html.erb (Duration: 0.1ms | Allocations: 59)
  Rendered cats/index.html.erb within layouts/application (Duration: 6.2ms | Allocations: 2060)
  Rendered layout layouts/application.html.erb (Duration: 9.8ms | Allocations: 3609)
Completed 200 OK in 12ms (Views: 10.8ms | ActiveRecord: 1.0ms | Allocations: 4361)


Started GET "/cats/new" for ::1 at 2022-08-26 16:26:20 -0400
Processing by CatsController#new as HTML
  Rendering layout layouts/application.html.erb
  Rendering cats/new.html.erb within layouts/application
  Rendered cats/_forms.html.erb (Duration: 0.7ms | Allocations: 356)
  Rendered cats/new.html.erb within layouts/application (Duration: 3.3ms | Allocations: 612)
  Rendered layout layouts/application.html.erb (Duration: 5.7ms | Allocations: 1756)
Completed 200 OK in 8ms (Views: 7.4ms | ActiveRecord: 0.0ms | Allocations: 2050)


  [1m[36mCat Load (0.4ms)[0m  [1m[34mSELECT "cats".* FROM "cats"[0m
Started POST "/cats" for ::1 at 2022-08-26 16:26:47 -0400
Processing by CatsController#create as HTML
  Parameters: {"cat"=>{"name"=>"All_is_well", "sex"=>"M", "color"=>"red", "birth_date"=>"2022-08-02", "description"=>"My first cat "}}
Completed 400 Bad Request in 1ms (ActiveRecord: 0.0ms | Allocations: 644)



ActionController::ParameterMissing - param is missing or the value is empty: cats
Did you mean?  cat:
  app/controllers/cats_controller.rb:45:in `cat_params'
  app/controllers/cats_controller.rb:23:in `create'

Started POST "/__better_errors/ea8c381a9ec81705/variables" for ::1 at 2022-08-26 16:26:47 -0400
Started POST "/__better_errors/ea8c381a9ec81705/variables" for ::1 at 2022-08-26 16:27:01 -0400
Started POST "/__better_errors/ea8c381a9ec81705/eval" for ::1 at 2022-08-26 16:27:20 -0400
Started POST "/__better_errors/ea8c381a9ec81705/eval" for ::1 at 2022-08-26 16:29:26 -0400
Started POST "/__better_errors/ea8c381a9ec81705/eval" for ::1 at 2022-08-26 16:29:31 -0400
Started POST "/cats" for ::1 at 2022-08-26 16:31:03 -0400
Processing by CatsController#create as HTML
  Parameters: {"cat"=>{"name"=>"All_is_well", "sex"=>"M", "color"=>"red", "birth_date"=>"2022-08-02", "description"=>"My first cat "}}
  [1m[36mTRANSACTION (0.1ms)[0m  [1m[35mBEGIN[0m
  ↳ app/controllers/cats_controller.rb:25:in `create'
  [1m[36mCat Create (2.8ms)[0m  [1m[32mINSERT INTO "cats" ("birth_date", "color", "name", "sex", "description", "created_at", "updated_at") VALUES ($1, $2, $3, $4, $5, $6, $7) RETURNING "id"[0m  [["birth_date", "2022-08-02"], ["color", "red"], ["name", "All_is_well"], ["sex", "M"], ["description", "My first cat "], ["created_at", "2022-08-26 20:31:03.253160"], ["updated_at", "2022-08-26 20:31:03.253160"]]
  ↳ app/controllers/cats_controller.rb:25:in `create'
  [1m[36mTRANSACTION (1.6ms)[0m  [1m[35mCOMMIT[0m
  ↳ app/controllers/cats_controller.rb:25:in `create'
Redirected to http://localhost:3000/cats
Completed 302 Found in 21ms (ActiveRecord: 10.7ms | Allocations: 6522)


Started GET "/cats" for ::1 at 2022-08-26 16:31:03 -0400
Processing by CatsController#index as HTML
  Rendering layout layouts/application.html.erb
  Rendering cats/index.html.erb within layouts/application
  [1m[36mCat Load (0.6ms)[0m  [1m[34mSELECT "cats".* FROM "cats"[0m
  ↳ app/views/cats/index.html.erb:3
  Rendered cats/_cats.html.erb (Duration: 0.4ms | Allocations: 116)
  Rendered cats/_cats.html.erb (Duration: 0.1ms | Allocations: 59)
  Rendered cats/_cats.html.erb (Duration: 0.1ms | Allocations: 59)
  Rendered cats/_cats.html.erb (Duration: 0.1ms | Allocations: 59)
  Rendered cats/_cats.html.erb (Duration: 0.0ms | Allocations: 59)
  Rendered cats/_cats.html.erb (Duration: 0.0ms | Allocations: 61)
  Rendered cats/index.html.erb within layouts/application (Duration: 3.2ms | Allocations: 1601)
  Rendered layout layouts/application.html.erb (Duration: 4.7ms | Allocations: 3004)
Completed 200 OK in 6ms (Views: 4.8ms | ActiveRecord: 0.6ms | Allocations: 3579)


Started GET "/cats/new" for ::1 at 2022-08-26 16:31:06 -0400
Processing by CatsController#new as HTML
  Rendering layout layouts/application.html.erb
  Rendering cats/new.html.erb within layouts/application
  Rendered cats/_forms.html.erb (Duration: 0.2ms | Allocations: 52)
  Rendered cats/new.html.erb within layouts/application (Duration: 0.4ms | Allocations: 135)
  Rendered layout layouts/application.html.erb (Duration: 3.6ms | Allocations: 1255)
Completed 200 OK in 4ms (Views: 4.2ms | ActiveRecord: 0.0ms | Allocations: 1496)


Started POST "/cats" for ::1 at 2022-08-26 16:31:15 -0400
Processing by CatsController#create as HTML
  Parameters: {"cat"=>{"name"=>"All_is_well", "sex"=>"M", "color"=>"red", "birth_date"=>"2022-08-02", "description"=>"First Cat"}}
  [1m[36mTRANSACTION (0.8ms)[0m  [1m[35mBEGIN[0m
  ↳ app/controllers/cats_controller.rb:25:in `create'
  [1m[36mCat Create (0.3ms)[0m  [1m[32mINSERT INTO "cats" ("birth_date", "color", "name", "sex", "description", "created_at", "updated_at") VALUES ($1, $2, $3, $4, $5, $6, $7) RETURNING "id"[0m  [["birth_date", "2022-08-02"], ["color", "red"], ["name", "All_is_well"], ["sex", "M"], ["description", "First Cat"], ["created_at", "2022-08-26 20:31:15.686023"], ["updated_at", "2022-08-26 20:31:15.686023"]]
  ↳ app/controllers/cats_controller.rb:25:in `create'
  [1m[36mTRANSACTION (0.3ms)[0m  [1m[35mCOMMIT[0m
  ↳ app/controllers/cats_controller.rb:25:in `create'
Redirected to http://localhost:3000/cats
Completed 302 Found in 6ms (ActiveRecord: 1.4ms | Allocations: 2118)


Started GET "/cats" for ::1 at 2022-08-26 16:31:15 -0400
Processing by CatsController#index as HTML
  Rendering layout layouts/application.html.erb
  Rendering cats/index.html.erb within layouts/application
  [1m[36mCat Load (0.5ms)[0m  [1m[34mSELECT "cats".* FROM "cats"[0m
  ↳ app/views/cats/index.html.erb:3
  Rendered cats/_cats.html.erb (Duration: 0.2ms | Allocations: 69)
  Rendered cats/_cats.html.erb (Duration: 0.1ms | Allocations: 59)
  Rendered cats/_cats.html.erb (Duration: 0.1ms | Allocations: 59)
  Rendered cats/_cats.html.erb (Duration: 0.0ms | Allocations: 59)
  Rendered cats/_cats.html.erb (Duration: 0.0ms | Allocations: 59)
  Rendered cats/_cats.html.erb (Duration: 0.0ms | Allocations: 61)
  Rendered cats/_cats.html.erb (Duration: 0.0ms | Allocations: 61)
  Rendered cats/index.html.erb within layouts/application (Duration: 3.6ms | Allocations: 1528)
  Rendered layout layouts/application.html.erb (Duration: 5.1ms | Allocations: 2684)
Completed 200 OK in 6ms (Views: 5.3ms | ActiveRecord: 0.5ms | Allocations: 2896)


Started GET "/cats/new" for ::1 at 2022-08-26 16:31:39 -0400
Processing by CatsController#new as HTML
  Rendering layout layouts/application.html.erb
  Rendering cats/new.html.erb within layouts/application
  Rendered cats/_forms.html.erb (Duration: 0.2ms | Allocations: 49)
  Rendered cats/new.html.erb within layouts/application (Duration: 0.4ms | Allocations: 130)
  Rendered layout layouts/application.html.erb (Duration: 2.8ms | Allocations: 1265)
Completed 200 OK in 4ms (Views: 3.3ms | ActiveRecord: 0.0ms | Allocations: 1480)


Started POST "/cats" for ::1 at 2022-08-26 16:32:08 -0400
Processing by CatsController#create as HTML
  Parameters: {"cat"=>{"name"=>"All_is_not_well", "sex"=>"M", "color"=>"green", "birth_date"=>"2022-08-16", "description"=>"Second Cat"}}
Completed 400 Bad Request in 2ms (ActiveRecord: 0.0ms | Allocations: 1247)



ActionController::ParameterMissing - param is missing or the value is empty: cats
Did you mean?  cat:
  app/controllers/cats_controller.rb:45:in `cat_params'
  app/controllers/cats_controller.rb:23:in `create'

Started POST "/__better_errors/bfa9e7cdab00d555/variables" for ::1 at 2022-08-26 16:32:08 -0400
Started GET "/cats/new" for ::1 at 2022-08-26 16:32:17 -0400
Processing by CatsController#new as HTML
  Rendering layout layouts/application.html.erb
  Rendering cats/new.html.erb within layouts/application
  Rendered cats/_forms.html.erb (Duration: 0.1ms | Allocations: 94)
  Rendered cats/new.html.erb within layouts/application (Duration: 0.2ms | Allocations: 186)
  Rendered layout layouts/application.html.erb (Duration: 2.0ms | Allocations: 1576)
Completed 200 OK in 9ms (Views: 2.7ms | ActiveRecord: 2.7ms | Allocations: 5001)


Started POST "/cats" for ::1 at 2022-08-26 16:32:28 -0400
Processing by CatsController#create as HTML
  Parameters: {"cat"=>{"name"=>"All_is_not_well", "sex"=>"F", "color"=>"blue", "birth_date"=>"2022-08-06", "description"=>"Second Cat"}}
  [1m[36mTRANSACTION (1.4ms)[0m  [1m[35mBEGIN[0m
  ↳ app/controllers/cats_controller.rb:25:in `create'
  [1m[36mCat Create (3.3ms)[0m  [1m[32mINSERT INTO "cats" ("birth_date", "color", "name", "sex", "description", "created_at", "updated_at") VALUES ($1, $2, $3, $4, $5, $6, $7) RETURNING "id"[0m  [["birth_date", "2022-08-06"], ["color", "blue"], ["name", "All_is_not_well"], ["sex", "F"], ["description", "Second Cat"], ["created_at", "2022-08-26 20:32:28.556538"], ["updated_at", "2022-08-26 20:32:28.556538"]]
  ↳ app/controllers/cats_controller.rb:25:in `create'
  [1m[36mTRANSACTION (0.4ms)[0m  [1m[35mCOMMIT[0m
  ↳ app/controllers/cats_controller.rb:25:in `create'
Redirected to http://localhost:3000/cats
Completed 302 Found in 10ms (ActiveRecord: 5.1ms | Allocations: 2358)


Started GET "/cats" for ::1 at 2022-08-26 16:32:28 -0400
Processing by CatsController#index as HTML
  Rendering layout layouts/application.html.erb
  Rendering cats/index.html.erb within layouts/application
  [1m[36mCat Load (0.2ms)[0m  [1m[34mSELECT "cats".* FROM "cats"[0m
  ↳ app/views/cats/index.html.erb:3
  Rendered cats/_cats.html.erb (Duration: 0.2ms | Allocations: 80)
  Rendered cats/_cats.html.erb (Duration: 0.1ms | Allocations: 59)
  Rendered cats/_cats.html.erb (Duration: 0.0ms | Allocations: 59)
  Rendered cats/_cats.html.erb (Duration: 0.0ms | Allocations: 59)
  Rendered cats/_cats.html.erb (Duration: 0.0ms | Allocations: 59)
  Rendered cats/_cats.html.erb (Duration: 0.0ms | Allocations: 61)
  Rendered cats/_cats.html.erb (Duration: 0.0ms | Allocations: 61)
  Rendered cats/_cats.html.erb (Duration: 0.0ms | Allocations: 61)
  Rendered cats/index.html.erb within layouts/application (Duration: 1.8ms | Allocations: 1761)
  Rendered layout layouts/application.html.erb (Duration: 3.1ms | Allocations: 2890)
Completed 200 OK in 3ms (Views: 3.1ms | ActiveRecord: 0.2ms | Allocations: 3166)


Started GET "/cats/new" for ::1 at 2022-08-26 16:33:29 -0400
Processing by CatsController#new as HTML
  Rendering layout layouts/application.html.erb
  Rendering cats/new.html.erb within layouts/application
  Rendered cats/_forms.html.erb (Duration: 0.1ms | Allocations: 94)
  Rendered cats/new.html.erb within layouts/application (Duration: 0.2ms | Allocations: 186)
  Rendered layout layouts/application.html.erb (Duration: 1.2ms | Allocations: 1564)
Completed 200 OK in 9ms (Views: 1.8ms | ActiveRecord: 2.9ms | Allocations: 4928)


Started POST "/cats" for ::1 at 2022-08-26 16:33:41 -0400
Processing by CatsController#create as HTML
  Parameters: {"cat"=>{"name"=>"catcatact", "sex"=>"M", "color"=>"green", "birth_date"=>"2022-08-01", "description"=>"Third Cat"}}
  [1m[36mTRANSACTION (0.1ms)[0m  [1m[35mBEGIN[0m
  ↳ app/controllers/cats_controller.rb:25:in `create'
Completed   in 130513ms (ActiveRecord: 0.1ms | Allocations: 108017)


Started GET "/cats" for ::1 at 2022-08-26 16:45:11 -0400
  [1m[36mActiveRecord::SchemaMigration Pluck (0.2ms)[0m  [1m[34mSELECT "schema_migrations"."version" FROM "schema_migrations" ORDER BY "schema_migrations"."version" ASC[0m
Processing by CatsController#index as HTML
  Rendering layout layouts/application.html.erb
  Rendering cats/index.html.erb within layouts/application
  [1m[36mCat Load (0.3ms)[0m  [1m[34mSELECT "cats".* FROM "cats"[0m
  ↳ app/views/cats/index.html.erb:3
  Rendered cats/_cats.html.erb (Duration: 0.6ms | Allocations: 515)
  Rendered cats/_cats.html.erb (Duration: 0.1ms | Allocations: 59)
  Rendered cats/_cats.html.erb (Duration: 0.1ms | Allocations: 59)
  Rendered cats/_cats.html.erb (Duration: 0.1ms | Allocations: 59)
  Rendered cats/_cats.html.erb (Duration: 0.0ms | Allocations: 59)
  Rendered cats/index.html.erb within layouts/application (Duration: 9.4ms | Allocations: 7592)
  Rendered layout layouts/application.html.erb (Duration: 14.3ms | Allocations: 11150)
Completed 200 OK in 18ms (Views: 15.2ms | ActiveRecord: 2.0ms | Allocations: 14538)


Started GET "/cats/edit" for ::1 at 2022-08-26 16:45:26 -0400
Processing by CatsController#show as HTML
  Parameters: {"id"=>"edit"}
  [1m[36mCat Load (0.1ms)[0m  [1m[34mSELECT "cats".* FROM "cats" WHERE "cats"."id" = $1 LIMIT $2[0m  [["id", nil], ["LIMIT", 1]]
  ↳ app/controllers/cats_controller.rb:9:in `show'
Completed 404 Not Found in 3ms (ActiveRecord: 0.2ms | Allocations: 3996)



ActiveRecord::RecordNotFound - Couldn't find Cat with 'id'=edit:
  app/controllers/cats_controller.rb:9:in `show'

Started POST "/__better_errors/64fb646e90cd058b/variables" for ::1 at 2022-08-26 16:45:26 -0400
Started GET "/cats/1/edit" for ::1 at 2022-08-26 16:45:32 -0400
Processing by CatsController#edit as HTML
  Parameters: {"id"=>"1"}
  [1m[36mCat Load (0.3ms)[0m  [1m[34mSELECT "cats".* FROM "cats" WHERE "cats"."id" = $1 LIMIT $2[0m  [["id", 1], ["LIMIT", 1]]
  ↳ app/controllers/cats_controller.rb:35:in `edit'
  Rendering layout layouts/application.html.erb
  Rendering cats/edit.html.erb within layouts/application
  Rendered cats/_forms.html.erb (Duration: 0.5ms | Allocations: 454)
  Rendered cats/edit.html.erb within layouts/application (Duration: 0.9ms | Allocations: 746)
  Rendered layout layouts/application.html.erb (Duration: 2.3ms | Allocations: 2050)
Completed 200 OK in 4ms (Views: 2.7ms | ActiveRecord: 0.3ms | Allocations: 2997)


Started PATCH "/cats/1" for ::1 at 2022-08-26 16:51:03 -0400
Processing by CatsController#update as HTML
  Parameters: {"cat"=>{"name"=>"Kitty", "sex"=>"M", "color"=>"red", "birth_date"=>"2022-08-08", "description"=>"this is an edit"}, "id"=>"1"}
  [1m[36mCat Load (0.2ms)[0m  [1m[34mSELECT "cats".* FROM "cats" WHERE "cats"."id" = $1 LIMIT $2[0m  [["id", 1], ["LIMIT", 1]]
  ↳ app/controllers/cats_controller.rb:14:in `update'
Completed 500 Internal Server Error in 1ms (ActiveRecord: 0.2ms | Allocations: 732)



ArgumentError - wrong number of arguments (given 0, expected 1):
  app/controllers/cats_controller.rb:15:in `update'

Started POST "/__better_errors/a47a8512c7d087b4/variables" for ::1 at 2022-08-26 16:51:03 -0400
Started PATCH "/cats/1" for ::1 at 2022-08-26 16:52:26 -0400
Processing by CatsController#update as HTML
  Parameters: {"cat"=>{"name"=>"Kitty", "sex"=>"M", "color"=>"red", "birth_date"=>"2022-08-08", "description"=>"this is an edit"}, "id"=>"1"}
  [1m[36mCat Load (0.1ms)[0m  [1m[34mSELECT "cats".* FROM "cats" WHERE "cats"."id" = $1 LIMIT $2[0m  [["id", 1], ["LIMIT", 1]]
  ↳ app/controllers/cats_controller.rb:14:in `update'
  [1m[36mTRANSACTION (0.7ms)[0m  [1m[35mBEGIN[0m
  ↳ app/controllers/cats_controller.rb:15:in `update'
  [1m[36mCat Update (0.9ms)[0m  [1m[33mUPDATE "cats" SET "birth_date" = $1, "color" = $2, "sex" = $3, "description" = $4, "updated_at" = $5 WHERE "cats"."id" = $6[0m  [["birth_date", "2022-08-08"], ["color", "red"], ["sex", "M"], ["description", "this is an edit"], ["updated_at", "2022-08-26 20:52:56.057648"], ["id", 1]]
  ↳ app/controllers/cats_controller.rb:15:in `update'
Started GET "/cats/1/edit" for ::1 at 2022-08-26 16:52:56 -0400
  [1m[36mTRANSACTION (3.2ms)[0m  [1m[35mCOMMIT[0m
  ↳ app/controllers/cats_controller.rb:15:in `update'
Redirected to http://localhost:3000/cats/1
Completed 302 Found in 29748ms (ActiveRecord: 6.2ms | Allocations: 80622)


Processing by CatsController#edit as HTML
  Parameters: {"id"=>"1"}
  [1m[36mCat Load (0.2ms)[0m  [1m[34mSELECT "cats".* FROM "cats" WHERE "cats"."id" = $1 LIMIT $2[0m  [["id", 1], ["LIMIT", 1]]
  ↳ app/controllers/cats_controller.rb:35:in `edit'
  Rendering layout layouts/application.html.erb
  Rendering cats/edit.html.erb within layouts/application
  Rendered cats/_forms.html.erb (Duration: 0.1ms | Allocations: 123)
  Rendered cats/edit.html.erb within layouts/application (Duration: 0.3ms | Allocations: 215)
  Rendered layout layouts/application.html.erb (Duration: 1.7ms | Allocations: 1585)
Completed 200 OK in 8ms (Views: 2.3ms | ActiveRecord: 1.9ms | Allocations: 6449)


Started GET "/cats/" for ::1 at 2022-08-26 16:53:18 -0400
Processing by CatsController#index as HTML
  Rendering layout layouts/application.html.erb
  Rendering cats/index.html.erb within layouts/application
  [1m[36mCat Load (0.2ms)[0m  [1m[34mSELECT "cats".* FROM "cats"[0m
  ↳ app/views/cats/index.html.erb:3
  Rendered cats/_cats.html.erb (Duration: 0.1ms | Allocations: 74)
  Rendered cats/_cats.html.erb (Duration: 0.1ms | Allocations: 59)
  Rendered cats/_cats.html.erb (Duration: 0.1ms | Allocations: 59)
  Rendered cats/_cats.html.erb (Duration: 0.1ms | Allocations: 59)
  Rendered cats/_cats.html.erb (Duration: 0.1ms | Allocations: 61)
  Rendered cats/index.html.erb within layouts/application (Duration: 1.9ms | Allocations: 1357)
  Rendered layout layouts/application.html.erb (Duration: 2.9ms | Allocations: 2488)
Completed 200 OK in 4ms (Views: 3.1ms | ActiveRecord: 0.2ms | Allocations: 2720)


Started GET "/cats/2/edit" for ::1 at 2022-08-26 16:55:03 -0400
Processing by CatsController#edit as HTML
  Parameters: {"id"=>"2"}
  [1m[36mCat Load (0.2ms)[0m  [1m[34mSELECT "cats".* FROM "cats" WHERE "cats"."id" = $1 LIMIT $2[0m  [["id", 2], ["LIMIT", 1]]
  ↳ app/controllers/cats_controller.rb:35:in `edit'
  Rendering layout layouts/application.html.erb
  Rendering cats/edit.html.erb within layouts/application
  Rendered cats/_forms.html.erb (Duration: 0.1ms | Allocations: 64)
  Rendered cats/edit.html.erb within layouts/application (Duration: 0.2ms | Allocations: 145)
  Rendered layout layouts/application.html.erb (Duration: 1.7ms | Allocations: 1272)
Completed 200 OK in 3ms (Views: 2.0ms | ActiveRecord: 0.2ms | Allocations: 2010)


Started PATCH "/cats/2" for ::1 at 2022-08-26 16:55:14 -0400
Processing by CatsController#update as HTML
  Parameters: {"cat"=>{"name"=>"Catty2", "sex"=>"F", "color"=>"green", "birth_date"=>"2022-05-15", "description"=>"another test"}, "id"=>"2"}
  [1m[36mCat Load (0.2ms)[0m  [1m[34mSELECT "cats".* FROM "cats" WHERE "cats"."id" = $1 LIMIT $2[0m  [["id", 2], ["LIMIT", 1]]
  ↳ app/controllers/cats_controller.rb:14:in `update'
  [1m[36mTRANSACTION (0.1ms)[0m  [1m[35mBEGIN[0m
  ↳ app/controllers/cats_controller.rb:15:in `update'
  [1m[36mCat Update (0.2ms)[0m  [1m[33mUPDATE "cats" SET "birth_date" = $1, "color" = $2, "name" = $3, "sex" = $4, "description" = $5, "updated_at" = $6 WHERE "cats"."id" = $7[0m  [["birth_date", "2022-05-15"], ["color", "green"], ["name", "Catty2"], ["sex", "F"], ["description", "another test"], ["updated_at", "2022-08-26 20:55:14.415910"], ["id", 2]]
  ↳ app/controllers/cats_controller.rb:15:in `update'
  [1m[36mTRANSACTION (1.4ms)[0m  [1m[35mCOMMIT[0m
  ↳ app/controllers/cats_controller.rb:15:in `update'
Redirected to http://localhost:3000/cats/2
Completed 302 Found in 6ms (ActiveRecord: 1.9ms | Allocations: 2868)


Started GET "/cats/2" for ::1 at 2022-08-26 16:55:14 -0400
Processing by CatsController#show as HTML
  Parameters: {"id"=>"2"}
  [1m[36mCat Load (0.2ms)[0m  [1m[34mSELECT "cats".* FROM "cats" WHERE "cats"."id" = $1 LIMIT $2[0m  [["id", 2], ["LIMIT", 1]]
  ↳ app/controllers/cats_controller.rb:9:in `show'
  Rendering layout layouts/application.html.erb
  Rendering cats/show.html.erb within layouts/application
  Rendered cats/_cats.html.erb (Duration: 0.1ms | Allocations: 70)
  Rendered cats/show.html.erb within layouts/application (Duration: 0.6ms | Allocations: 301)
  Rendered layout layouts/application.html.erb (Duration: 1.8ms | Allocations: 1438)
Completed 200 OK in 3ms (Views: 2.2ms | ActiveRecord: 0.2ms | Allocations: 2227)


Started GET "/cats/1/edit" for ::1 at 2022-08-26 16:55:29 -0400
Processing by CatsController#edit as HTML
  Parameters: {"id"=>"1"}
  [1m[36mCat Load (0.1ms)[0m  [1m[34mSELECT "cats".* FROM "cats" WHERE "cats"."id" = $1 LIMIT $2[0m  [["id", 1], ["LIMIT", 1]]
  ↳ app/controllers/cats_controller.rb:35:in `edit'
  Rendering layout layouts/application.html.erb
  Rendering cats/edit.html.erb within layouts/application
  Rendered cats/_forms.html.erb (Duration: 0.1ms | Allocations: 66)
  Rendered cats/edit.html.erb within layouts/application (Duration: 0.2ms | Allocations: 147)
  Rendered layout layouts/application.html.erb (Duration: 1.2ms | Allocations: 1298)
Completed 200 OK in 2ms (Views: 1.5ms | ActiveRecord: 0.1ms | Allocations: 2009)


Started PATCH "/cats/1" for ::1 at 2022-08-26 16:55:39 -0400
Processing by CatsController#update as HTML
  Parameters: {"cat"=>{"name"=>"Kitty4", "sex"=>"M", "color"=>"blue", "birth_date"=>"2022-08-05", "description"=>"final test?"}, "id"=>"1"}
  [1m[36mCat Load (0.2ms)[0m  [1m[34mSELECT "cats".* FROM "cats" WHERE "cats"."id" = $1 LIMIT $2[0m  [["id", 1], ["LIMIT", 1]]
  ↳ app/controllers/cats_controller.rb:14:in `update'
  [1m[36mTRANSACTION (0.1ms)[0m  [1m[35mBEGIN[0m
  ↳ app/controllers/cats_controller.rb:15:in `update'
  [1m[36mCat Update (0.2ms)[0m  [1m[33mUPDATE "cats" SET "birth_date" = $1, "color" = $2, "name" = $3, "description" = $4, "updated_at" = $5 WHERE "cats"."id" = $6[0m  [["birth_date", "2022-08-05"], ["color", "blue"], ["name", "Kitty4"], ["description", "final test?"], ["updated_at", "2022-08-26 20:55:39.970687"], ["id", 1]]
  ↳ app/controllers/cats_controller.rb:15:in `update'
  [1m[36mTRANSACTION (1.5ms)[0m  [1m[35mCOMMIT[0m
  ↳ app/controllers/cats_controller.rb:15:in `update'
Redirected to http://localhost:3000/cats/1
Completed 302 Found in 6ms (ActiveRecord: 1.9ms | Allocations: 2597)


Started GET "/cats/1" for ::1 at 2022-08-26 16:55:39 -0400
Processing by CatsController#show as HTML
  Parameters: {"id"=>"1"}
  [1m[36mCat Load (0.1ms)[0m  [1m[34mSELECT "cats".* FROM "cats" WHERE "cats"."id" = $1 LIMIT $2[0m  [["id", 1], ["LIMIT", 1]]
  ↳ app/controllers/cats_controller.rb:9:in `show'
  Rendering layout layouts/application.html.erb
  Rendering cats/show.html.erb within layouts/application
  Rendered cats/_cats.html.erb (Duration: 0.2ms | Allocations: 68)
  Rendered cats/show.html.erb within layouts/application (Duration: 0.3ms | Allocations: 149)
  Rendered layout layouts/application.html.erb (Duration: 1.6ms | Allocations: 1289)
Completed 200 OK in 3ms (Views: 2.0ms | ActiveRecord: 0.1ms | Allocations: 2001)


